  Eigen.cpp
Eigen.cpp(254): warning C4244: “参数”: 从“std::size_t”转换到“const double”，可能丢失数据
Eigen.cpp(263): warning C4267: “=”: 从“size_t”转换到“int”，可能丢失数据
Eigen.cpp(269): warning C4267: “=”: 从“size_t”转换到“int”，可能丢失数据
Eigen.cpp(757): warning C4244: “=”: 从“Eigen::EigenBase<Derived>::Index”转换到“unsigned int”，可能丢失数据
          with
          [
              Derived=Eigen::Matrix<double,-1,1,0,-1,1>
          ]
Eigen.cpp(762): warning C4244: “=”: 从“Eigen::EigenBase<Derived>::Index”转换到“unsigned int”，可能丢失数据
          with
          [
              Derived=Eigen::Matrix<double,-1,1,0,-1,1>
          ]
Eigen.cpp(799): warning C4244: “初始化”: 从“Eigen::EigenBase<Derived>::Index”转换到“unsigned int”，可能丢失数据
          with
          [
              Derived=Eigen::Matrix<double,-1,-1,0,-1,-1>
          ]
Eigen.cpp(800): warning C4244: “初始化”: 从“Eigen::EigenBase<Derived>::Index”转换到“unsigned int”，可能丢失数据
          with
          [
              Derived=Eigen::Matrix<double,-1,-1,0,-1,-1>
          ]
Eigen.cpp(842): warning C4244: “初始化”: 从“Eigen::EigenBase<Derived>::Index”转换到“int”，可能丢失数据
          with
          [
              Derived=Eigen::Matrix<double,-1,1,0,-1,1>
          ]
Eigen.cpp(994): warning C4244: “初始化”: 从“double”转换到“unsigned int”，可能丢失数据
Eigen.cpp(1030): warning C4244: “参数”: 从“double”转换到“int”，可能丢失数据
Eigen.cpp(1081): warning C4267: “参数”: 从“size_t”转换到“int”，可能丢失数据
Eigen.cpp(1083): warning C4244: “初始化”: 从“double”转换到“int”，可能丢失数据
Eigen.cpp(1084): warning C4244: “初始化”: 从“double”转换到“int”，可能丢失数据
Eigen.cpp(1092): warning C4267: “参数”: 从“size_t”转换到“int”，可能丢失数据
Eigen.cpp(1097): warning C4244: “=”: 从“ptrdiff_t”转换到“double”，可能丢失数据
Eigen.cpp(1151): warning C4244: “初始化”: 从“Eigen::EigenBase<Derived>::Index”转换到“unsigned int”，可能丢失数据
          with
          [
              Derived=Eigen::Matrix<double,-1,-1,0,-1,-1>
          ]
Eigen.cpp(1152): warning C4244: “初始化”: 从“Eigen::EigenBase<Derived>::Index”转换到“unsigned int”，可能丢失数据
          with
          [
              Derived=Eigen::Matrix<double,-1,-1,0,-1,-1>
          ]
Eigen.cpp(1164): warning C4244: “初始化”: 从“double”转换到“int16_t”，可能丢失数据
Eigen.cpp(1165): warning C4244: “初始化”: 从“double”转换到“int16_t”，可能丢失数据
Eigen.cpp(1196): warning C4244: “=”: 从“double”转换到“int”，可能丢失数据
Eigen.cpp(1201): warning C4244: “=”: 从“double”转换到“int”，可能丢失数据
Eigen.cpp(1202): warning C4244: “=”: 从“double”转换到“int”，可能丢失数据
Eigen.cpp(1233): warning C4244: “参数”: 从“float”转换到“Eigen::EigenBase<Derived>::Index”，可能丢失数据
          with
          [
              Derived=Eigen::Matrix<double,-1,1,0,-1,1>
          ]
Eigen.cpp(1250): warning C4244: “参数”: 从“Eigen::EigenBase<Derived>::Index”转换到“const double”，可能丢失数据
          with
          [
              Derived=Eigen::Matrix<double,-1,1,0,-1,1>
          ]
Eigen.cpp(1395): warning C4018: “<”: 有符号/无符号不匹配
Eigen.cpp(1606): warning C4503: “Eigen::ArrayBase<Derived>::operator +”: 超出修饰名的长度，名称被截断
          with
          [
              Derived=Eigen::CwiseBinaryOp<Eigen::internal::scalar_difference_op<double,double>,const Eigen::CwiseBinaryOp<Eigen::internal::scalar_sum_op<double,double>,const Eigen::CwiseBinaryOp<Eigen::internal::scalar_difference_op<double,double>,const Eigen::CwiseNullaryOp<Eigen::internal::scalar_constant_op<double>,const Eigen::Array<double,-1,1,0,-1,1>>,const Eigen::CwiseBinaryOp<Eigen::internal::scalar_product_op<double,double>,const Eigen::CwiseNullaryOp<Eigen::internal::scalar_constant_op<double>,const Eigen::Array<double,-1,1,0,-1,1>>,const Eigen::CwiseUnaryOp<Eigen::internal::scalar_cos_op<double>,const Eigen::CwiseBinaryOp<Eigen::internal::scalar_product_op<double,double>,const Eigen::CwiseNullaryOp<Eigen::internal::scalar_constant_op<double>,const Eigen::Array<double,-1,1,0,-1,1>>,const Eigen::ArrayWrapper<Eigen::Matrix<double,-1,1,0,-1,1>>>>>>,const Eigen::CwiseBinaryOp<Eigen::internal::scalar_product_op<double,double>,const Eigen::CwiseNullaryOp<Eigen::internal::scalar_constant_op<double>,const Eigen::Array<double,-1,1,0,-1,1>>,const Eigen::CwiseUnaryOp<Eigen::internal::scalar_cos_op<double>,const Eigen::CwiseBinaryOp<Eigen::internal::scalar_product_op<double,double>,const Eigen::CwiseNullaryOp<Eigen::internal::scalar_constant_op<double>,const Eigen::Array<double,-1,1,0,-1,1>>,const Eigen::ArrayWrapper<Eigen::Matrix<double,-1,1,0,-1,1>>>>>>,const Eigen::CwiseBinaryOp<Eigen::internal::scalar_product_op<double,double>,const Eigen::CwiseNullaryOp<Eigen::internal::scalar_constant_op<double>,const Eigen::Array<double,-1,1,0,-1,1>>,const Eigen::CwiseUnaryOp<Eigen::internal::scalar_cos_op<double>,const Eigen::CwiseBinaryOp<Eigen::internal::scalar_product_op<double,double>,const Eigen::CwiseNullaryOp<Eigen::internal::scalar_constant_op<double>,const Eigen::Array<double,-1,1,0,-1,1>>,const Eigen::ArrayWrapper<Eigen::Matrix<double,-1,1,0,-1,1>>>>>>
          ]
Eigen.cpp(1606): warning C4503: “Eigen::Matrix<double,-1,1,0,-1,1>::operator =”: 超出修饰名的长度，名称被截断
Eigen.cpp(1606): warning C4503: “Eigen::CwiseBinaryOp<Eigen::internal::scalar_sum_op<double,double>,const Derived,const Eigen::CwiseBinaryOp<Eigen::internal::scalar_product_op<double,double>,const Eigen::CwiseNullaryOp<Eigen::internal::scalar_constant_op<double>,const Eigen::Array<double,-1,1,0,-1,1>>,const Eigen::CwiseUnaryOp<Eigen::internal::scalar_cos_op<double>,const Eigen::CwiseBinaryOp<Eigen::internal::scalar_product_op<double,double>,const Eigen::CwiseNullaryOp<Eigen::internal::scalar_constant_op<double>,const Eigen::Array<double,-1,1,0,-1,1>>,const Eigen::ArrayWrapper<Eigen::Matrix<double,-1,1,0,-1,1>>>>>>::CwiseBinaryOp”: 超出修饰名的长度，名称被截断
          with
          [
              Derived=Eigen::CwiseBinaryOp<Eigen::internal::scalar_difference_op<double,double>,const Eigen::CwiseBinaryOp<Eigen::internal::scalar_sum_op<double,double>,const Eigen::CwiseBinaryOp<Eigen::internal::scalar_difference_op<double,double>,const Eigen::CwiseNullaryOp<Eigen::internal::scalar_constant_op<double>,const Eigen::Array<double,-1,1,0,-1,1>>,const Eigen::CwiseBinaryOp<Eigen::internal::scalar_product_op<double,double>,const Eigen::CwiseNullaryOp<Eigen::internal::scalar_constant_op<double>,const Eigen::Array<double,-1,1,0,-1,1>>,const Eigen::CwiseUnaryOp<Eigen::internal::scalar_cos_op<double>,const Eigen::CwiseBinaryOp<Eigen::internal::scalar_product_op<double,double>,const Eigen::CwiseNullaryOp<Eigen::internal::scalar_constant_op<double>,const Eigen::Array<double,-1,1,0,-1,1>>,const Eigen::ArrayWrapper<Eigen::Matrix<double,-1,1,0,-1,1>>>>>>,const Eigen::CwiseBinaryOp<Eigen::internal::scalar_product_op<double,double>,const Eigen::CwiseNullaryOp<Eigen::internal::scalar_constant_op<double>,const Eigen::Array<double,-1,1,0,-1,1>>,const Eigen::CwiseUnaryOp<Eigen::internal::scalar_cos_op<double>,const Eigen::CwiseBinaryOp<Eigen::internal::scalar_product_op<double,double>,const Eigen::CwiseNullaryOp<Eigen::internal::scalar_constant_op<double>,const Eigen::Array<double,-1,1,0,-1,1>>,const Eigen::ArrayWrapper<Eigen::Matrix<double,-1,1,0,-1,1>>>>>>,const Eigen::CwiseBinaryOp<Eigen::internal::scalar_product_op<double,double>,const Eigen::CwiseNullaryOp<Eigen::internal::scalar_constant_op<double>,const Eigen::Array<double,-1,1,0,-1,1>>,const Eigen::CwiseUnaryOp<Eigen::internal::scalar_cos_op<double>,const Eigen::CwiseBinaryOp<Eigen::internal::scalar_product_op<double,double>,const Eigen::CwiseNullaryOp<Eigen::internal::scalar_constant_op<double>,const Eigen::Array<double,-1,1,0,-1,1>>,const Eigen::ArrayWrapper<Eigen::Matrix<double,-1,1,0,-1,1>>>>>>
          ]
Eigen.cpp(1606): warning C4503: “Eigen::PlainObjectBase<Eigen::Matrix<double,-1,1,0,-1,1>>::_set”: 超出修饰名的长度，名称被截断
Eigen.cpp(1606): warning C4503: “Eigen::EigenBase<Derived>::derived”: 超出修饰名的长度，名称被截断
          with
          [
              Derived=Eigen::CwiseBinaryOp<Eigen::internal::scalar_sum_op<double,double>,const Eigen::CwiseBinaryOp<Eigen::internal::scalar_difference_op<double,double>,const Eigen::CwiseBinaryOp<Eigen::internal::scalar_sum_op<double,double>,const Eigen::CwiseBinaryOp<Eigen::internal::scalar_difference_op<double,double>,const Eigen::CwiseNullaryOp<Eigen::internal::scalar_constant_op<double>,const Eigen::Array<double,-1,1,0,-1,1>>,const Eigen::CwiseBinaryOp<Eigen::internal::scalar_product_op<double,double>,const Eigen::CwiseNullaryOp<Eigen::internal::scalar_constant_op<double>,const Eigen::Array<double,-1,1,0,-1,1>>,const Eigen::CwiseUnaryOp<Eigen::internal::scalar_cos_op<double>,const Eigen::CwiseBinaryOp<Eigen::internal::scalar_product_op<double,double>,const Eigen::CwiseNullaryOp<Eigen::internal::scalar_constant_op<double>,const Eigen::Array<double,-1,1,0,-1,1>>,const Eigen::ArrayWrapper<Eigen::Matrix<double,-1,1,0,-1,1>>>>>>,const Eigen::CwiseBinaryOp<Eigen::internal::scalar_product_op<double,double>,const Eigen::CwiseNullaryOp<Eigen::internal::scalar_constant_op<double>,const Eigen::Array<double,-1,1,0,-1,1>>,const Eigen::CwiseUnaryOp<Eigen::internal::scalar_cos_op<double>,const Eigen::CwiseBinaryOp<Eigen::internal::scalar_product_op<double,double>,const Eigen::CwiseNullaryOp<Eigen::internal::scalar_constant_op<double>,const Eigen::Array<double,-1,1,0,-1,1>>,const Eigen::ArrayWrapper<Eigen::Matrix<double,-1,1,0,-1,1>>>>>>,const Eigen::CwiseBinaryOp<Eigen::internal::scalar_product_op<double,double>,const Eigen::CwiseNullaryOp<Eigen::internal::scalar_constant_op<double>,const Eigen::Array<double,-1,1,0,-1,1>>,const Eigen::CwiseUnaryOp<Eigen::internal::scalar_cos_op<double>,const Eigen::CwiseBinaryOp<Eigen::internal::scalar_product_op<double,double>,const Eigen::CwiseNullaryOp<Eigen::internal::scalar_constant_op<double>,const Eigen::Array<double,-1,1,0,-1,1>>,const Eigen::ArrayWrapper<Eigen::Matrix<double,-1,1,0,-1,1>>>>>>,const Eigen::CwiseBinaryOp<Eigen::internal::scalar_product_op<double,double>,const Eigen::CwiseNullaryOp<Eigen::internal::scalar_constant_op<double>,const Eigen::Array<double,-1,1,0,-1,1>>,const Eigen::CwiseUnaryOp<Eigen::internal::scalar_cos_op<double>,const Eigen::CwiseBinaryOp<Eigen::internal::scalar_product_op<double,double>,const Eigen::CwiseNullaryOp<Eigen::internal::scalar_constant_op<double>,const Eigen::Array<double,-1,1,0,-1,1>>,const Eigen::ArrayWrapper<Eigen::Matrix<double,-1,1,0,-1,1>>>>>>
          ]
Eigen.cpp(1606): warning C4503: “Eigen::internal::call_assignment”: 超出修饰名的长度，名称被截断
Eigen.cpp(1606): warning C4503: “Eigen::internal::call_assignment_no_alias”: 超出修饰名的长度，名称被截断
Eigen.cpp(1606): warning C4503: “Eigen::internal::Assignment<ActualDstTypeCleaned,Src,Func,Eigen::internal::AssignmentKind<Eigen::DenseShape,Eigen::DenseShape>::Kind,void>::run”: 超出修饰名的长度，名称被截断
          with
          [
              Src=Eigen::CwiseBinaryOp<Eigen::internal::scalar_sum_op<double,double>,const Eigen::CwiseBinaryOp<Eigen::internal::scalar_difference_op<double,double>,const Eigen::CwiseBinaryOp<Eigen::internal::scalar_sum_op<double,double>,const Eigen::CwiseBinaryOp<Eigen::internal::scalar_difference_op<double,double>,const Eigen::CwiseNullaryOp<Eigen::internal::scalar_constant_op<double>,const Eigen::Array<double,-1,1,0,-1,1>>,const Eigen::CwiseBinaryOp<Eigen::internal::scalar_product_op<double,double>,const Eigen::CwiseNullaryOp<Eigen::internal::scalar_constant_op<double>,const Eigen::Array<double,-1,1,0,-1,1>>,const Eigen::CwiseUnaryOp<Eigen::internal::scalar_cos_op<double>,const Eigen::CwiseBinaryOp<Eigen::internal::scalar_product_op<double,double>,const Eigen::CwiseNullaryOp<Eigen::internal::scalar_constant_op<double>,const Eigen::Array<double,-1,1,0,-1,1>>,const Eigen::ArrayWrapper<Eigen::Matrix<double,-1,1,0,-1,1>>>>>>,const Eigen::CwiseBinaryOp<Eigen::internal::scalar_product_op<double,double>,const Eigen::CwiseNullaryOp<Eigen::internal::scalar_constant_op<double>,const Eigen::Array<double,-1,1,0,-1,1>>,const Eigen::CwiseUnaryOp<Eigen::internal::scalar_cos_op<double>,const Eigen::CwiseBinaryOp<Eigen::internal::scalar_product_op<double,double>,const Eigen::CwiseNullaryOp<Eigen::internal::scalar_constant_op<double>,const Eigen::Array<double,-1,1,0,-1,1>>,const Eigen::ArrayWrapper<Eigen::Matrix<double,-1,1,0,-1,1>>>>>>,const Eigen::CwiseBinaryOp<Eigen::internal::scalar_product_op<double,double>,const Eigen::CwiseNullaryOp<Eigen::internal::scalar_constant_op<double>,const Eigen::Array<double,-1,1,0,-1,1>>,const Eigen::CwiseUnaryOp<Eigen::internal::scalar_cos_op<double>,const Eigen::CwiseBinaryOp<Eigen::internal::scalar_product_op<double,double>,const Eigen::CwiseNullaryOp<Eigen::internal::scalar_constant_op<double>,const Eigen::Array<double,-1,1,0,-1,1>>,const Eigen::ArrayWrapper<Eigen::Matrix<double,-1,1,0,-1,1>>>>>>,const Eigen::CwiseBinaryOp<Eigen::internal::scalar_product_op<double,double>,const Eigen::CwiseNullaryOp<Eigen::internal::scalar_constant_op<double>,const Eigen::Array<double,-1,1,0,-1,1>>,const Eigen::CwiseUnaryOp<Eigen::internal::scalar_cos_op<double>,const Eigen::CwiseBinaryOp<Eigen::internal::scalar_product_op<double,double>,const Eigen::CwiseNullaryOp<Eigen::internal::scalar_constant_op<double>,const Eigen::Array<double,-1,1,0,-1,1>>,const Eigen::ArrayWrapper<Eigen::Matrix<double,-1,1,0,-1,1>>>>>>,
              Func=Eigen::internal::assign_op<double,double>
          ]
Eigen.cpp(1606): warning C4503: “Eigen::internal::call_dense_assignment_loop”: 超出修饰名的长度，名称被截断
Eigen.cpp(1606): warning C4503: “Eigen::internal::dense_assignment_loop<Kernel,1,0>::run”: 超出修饰名的长度，名称被截断
Eigen.cpp(1606): warning C4503: “Eigen::internal::generic_dense_assignment_kernel<DstEvaluatorType,SrcEvaluatorType,Functor,0>::generic_dense_assignment_kernel”: 超出修饰名的长度，名称被截断
          with
          [
              Functor=Eigen::internal::assign_op<double,double>
          ]
Eigen.cpp(1606): warning C4503: “Eigen::internal::evaluator<SrcXprType>::evaluator”: 超出修饰名的长度，名称被截断
          with
          [
              SrcXprType=Eigen::CwiseBinaryOp<Eigen::internal::scalar_sum_op<double,double>,const Eigen::CwiseBinaryOp<Eigen::internal::scalar_difference_op<double,double>,const Eigen::CwiseBinaryOp<Eigen::internal::scalar_sum_op<double,double>,const Eigen::CwiseBinaryOp<Eigen::internal::scalar_difference_op<double,double>,const Eigen::CwiseNullaryOp<Eigen::internal::scalar_constant_op<double>,const Eigen::Array<double,-1,1,0,-1,1>>,const Eigen::CwiseBinaryOp<Eigen::internal::scalar_product_op<double,double>,const Eigen::CwiseNullaryOp<Eigen::internal::scalar_constant_op<double>,const Eigen::Array<double,-1,1,0,-1,1>>,const Eigen::CwiseUnaryOp<Eigen::internal::scalar_cos_op<double>,const Eigen::CwiseBinaryOp<Eigen::internal::scalar_product_op<double,double>,const Eigen::CwiseNullaryOp<Eigen::internal::scalar_constant_op<double>,const Eigen::Array<double,-1,1,0,-1,1>>,const Eigen::ArrayWrapper<Eigen::Matrix<double,-1,1,0,-1,1>>>>>>,const Eigen::CwiseBinaryOp<Eigen::internal::scalar_product_op<double,double>,const Eigen::CwiseNullaryOp<Eigen::internal::scalar_constant_op<double>,const Eigen::Array<double,-1,1,0,-1,1>>,const Eigen::CwiseUnaryOp<Eigen::internal::scalar_cos_op<double>,const Eigen::CwiseBinaryOp<Eigen::internal::scalar_product_op<double,double>,const Eigen::CwiseNullaryOp<Eigen::internal::scalar_constant_op<double>,const Eigen::Array<double,-1,1,0,-1,1>>,const Eigen::ArrayWrapper<Eigen::Matrix<double,-1,1,0,-1,1>>>>>>,const Eigen::CwiseBinaryOp<Eigen::internal::scalar_product_op<double,double>,const Eigen::CwiseNullaryOp<Eigen::internal::scalar_constant_op<double>,const Eigen::Array<double,-1,1,0,-1,1>>,const Eigen::CwiseUnaryOp<Eigen::internal::scalar_cos_op<double>,const Eigen::CwiseBinaryOp<Eigen::internal::scalar_product_op<double,double>,const Eigen::CwiseNullaryOp<Eigen::internal::scalar_constant_op<double>,const Eigen::Array<double,-1,1,0,-1,1>>,const Eigen::ArrayWrapper<Eigen::Matrix<double,-1,1,0,-1,1>>>>>>,const Eigen::CwiseBinaryOp<Eigen::internal::scalar_product_op<double,double>,const Eigen::CwiseNullaryOp<Eigen::internal::scalar_constant_op<double>,const Eigen::Array<double,-1,1,0,-1,1>>,const Eigen::CwiseUnaryOp<Eigen::internal::scalar_cos_op<double>,const Eigen::CwiseBinaryOp<Eigen::internal::scalar_product_op<double,double>,const Eigen::CwiseNullaryOp<Eigen::internal::scalar_constant_op<double>,const Eigen::Array<double,-1,1,0,-1,1>>,const Eigen::ArrayWrapper<Eigen::Matrix<double,-1,1,0,-1,1>>>>>>
          ]
Eigen.cpp(1606): warning C4503: “Eigen::internal::binary_evaluator<Eigen::CwiseBinaryOp<Eigen::internal::scalar_sum_op<double,double>,const Derived,const Eigen::CwiseBinaryOp<Eigen::internal::scalar_product_op<double,double>,const Eigen::CwiseNullaryOp<Eigen::internal::scalar_constant_op<double>,const Eigen::Array<double,-1,1,0,-1,1>>,const Eigen::CwiseUnaryOp<Eigen::internal::scalar_cos_op<double>,const Eigen::CwiseBinaryOp<Eigen::internal::scalar_product_op<double,double>,const Eigen::CwiseNullaryOp<Eigen::internal::scalar_constant_op<double>,const Eigen::Array<double,-1,1,0,-1,1>>,const Eigen::ArrayWrapper<Eigen::Matrix<double,-1,1,0,-1,1>>>>>>,Eigen::internal::IndexBased,Eigen::internal::IndexBased,double,double>::binary_evaluator”: 超出修饰名的长度，名称被截断
          with
          [
              Derived=Eigen::CwiseBinaryOp<Eigen::internal::scalar_difference_op<double,double>,const Eigen::CwiseBinaryOp<Eigen::internal::scalar_sum_op<double,double>,const Eigen::CwiseBinaryOp<Eigen::internal::scalar_difference_op<double,double>,const Eigen::CwiseNullaryOp<Eigen::internal::scalar_constant_op<double>,const Eigen::Array<double,-1,1,0,-1,1>>,const Eigen::CwiseBinaryOp<Eigen::internal::scalar_product_op<double,double>,const Eigen::CwiseNullaryOp<Eigen::internal::scalar_constant_op<double>,const Eigen::Array<double,-1,1,0,-1,1>>,const Eigen::CwiseUnaryOp<Eigen::internal::scalar_cos_op<double>,const Eigen::CwiseBinaryOp<Eigen::internal::scalar_product_op<double,double>,const Eigen::CwiseNullaryOp<Eigen::internal::scalar_constant_op<double>,const Eigen::Array<double,-1,1,0,-1,1>>,const Eigen::ArrayWrapper<Eigen::Matrix<double,-1,1,0,-1,1>>>>>>,const Eigen::CwiseBinaryOp<Eigen::internal::scalar_product_op<double,double>,const Eigen::CwiseNullaryOp<Eigen::internal::scalar_constant_op<double>,const Eigen::Array<double,-1,1,0,-1,1>>,const Eigen::CwiseUnaryOp<Eigen::internal::scalar_cos_op<double>,const Eigen::CwiseBinaryOp<Eigen::internal::scalar_product_op<double,double>,const Eigen::CwiseNullaryOp<Eigen::internal::scalar_constant_op<double>,const Eigen::Array<double,-1,1,0,-1,1>>,const Eigen::ArrayWrapper<Eigen::Matrix<double,-1,1,0,-1,1>>>>>>,const Eigen::CwiseBinaryOp<Eigen::internal::scalar_product_op<double,double>,const Eigen::CwiseNullaryOp<Eigen::internal::scalar_constant_op<double>,const Eigen::Array<double,-1,1,0,-1,1>>,const Eigen::CwiseUnaryOp<Eigen::internal::scalar_cos_op<double>,const Eigen::CwiseBinaryOp<Eigen::internal::scalar_product_op<double,double>,const Eigen::CwiseNullaryOp<Eigen::internal::scalar_constant_op<double>,const Eigen::Array<double,-1,1,0,-1,1>>,const Eigen::ArrayWrapper<Eigen::Matrix<double,-1,1,0,-1,1>>>>>>
          ]
Eigen.cpp(1606): warning C4503: “Eigen::internal::resize_if_allowed”: 超出修饰名的长度，名称被截断
  正在生成代码
  1 of 10 functions (10.0%) were compiled, the rest were copied from previous compilation.
    0 functions were new in current compilation
    0 functions had inline decision re-evaluated but remain unchanged
  已完成代码的生成
  Eigen.vcxproj -> E:\Users\li\Documents\Visual Studio 2015\Projects\Eigen\x64\Release\Eigen.exe
  Eigen.vcxproj -> E:\Users\li\Documents\Visual Studio 2015\Projects\Eigen\x64\Release\Eigen.pdb (Full PDB)
